20231127	03:37:40	POST	/api-bill/student-system/register-student?userID=6553822688139eb46596daf0	undefined	undefined
20231127	03:38:39	POST	/api-bill/student-system/register-student?userID=6553822688139eb46596daf0	undefined	undefined
20231127	03:39:00	POST	/api-bill/student-system/register-student?userID=655f79da9a3b9317e11318f9	undefined	undefined
20231127	03:40:02	POST	/api-bill/student-system/register-student?userID=655f79da9a3b9317e11318f9	undefined	undefined
20231127	03:41:39	POST	/api-bill/student-system/register-student?userID=655f79da9a3b9317e11318f9	undefined	undefined
20231127	03:42:02	POST	/api-bill/student-system/register-student?userID=655f79da9a3b9317e11318f9	undefined	undefined
20231127	04:03:03	GET	/api-bill/student-system/student/652d2b0a419046c5f8950bb1?schoolID=653cdc23198a48c41c246dd5	undefined	undefined
20231127	04:03:53	GET	/api-bill/student-system/students?schoolID=655ef53a15026b917a5d7bce	http://localhost:3001	undefined
20231127	04:17:41	OPTIONS	/api-bill/user-system/login	http://localhost:3001	undefined
20231127	04:17:41	POST	/api-bill/user-system/login	http://localhost:3001	undefined
20231127	04:17:42	GET	/api-bill/student-system/students?schoolID=655ef53a15026b917a5d7bce	http://localhost:3001	undefined
20231127	04:17:48	GET	/api-bill/student-system/students?schoolID=655ef53a15026b917a5d7bce	http://localhost:3001	undefined
20231127	04:18:13	OPTIONS	/api-bill/user-system/login	http://localhost:3001	undefined
20231127	04:18:13	POST	/api-bill/user-system/login	http://localhost:3001	undefined
20231127	04:18:14	GET	/api-bill/student-system/students?schoolID=655ef53a15026b917a5d7bce	http://localhost:3001	undefined
20231127	04:18:52	OPTIONS	/api-bill/user-system/login	http://localhost:3001	undefined
20231127	04:18:52	POST	/api-bill/user-system/login	http://localhost:3001	undefined
20231127	04:18:53	GET	/api-bill/student-system/students?schoolID=655ef53a15026b917a5d7bce	http://localhost:3001	undefined
20231127	04:18:59	GET	/api-bill/student-system/students?schoolID=655ef53a15026b917a5d7bce	http://localhost:3001	undefined
20231127	04:19:28	OPTIONS	/api-bill/user-system/login	http://localhost:3001	undefined
20231127	04:19:28	POST	/api-bill/user-system/login	http://localhost:3001	undefined
20231127	04:19:36	GET	/api-bill/student-system/students?schoolID=655ef53a15026b917a5d7bce	http://localhost:3001	undefined
20231127	04:19:42	GET	/api-bill/student-system/students?schoolID=655ef53a15026b917a5d7bce	http://localhost:3001	undefined
20231127	04:24:39	OPTIONS	/api-bill/user-system/login	http://localhost:3001	undefined
20231127	04:24:39	POST	/api-bill/user-system/login	http://localhost:3001	undefined
20231127	04:24:40	GET	/api-bill/student-system/students?schoolID=655ef53a15026b917a5d7bce	http://localhost:3001	undefined
20231127	04:24:49	OPTIONS	/api-bill/user-system/login	http://localhost:3001	undefined
20231127	04:24:49	POST	/api-bill/user-system/login	http://localhost:3001	undefined
20231127	04:24:50	GET	/api-bill/student-system/students?schoolID=655ef53a15026b917a5d7bce	http://localhost:3001	undefined
20231127	04:25:02	GET	/api-bill/student-system/students?schoolID=655ef53a15026b917a5d7bce	http://localhost:3001	undefined
20231127	04:25:13	OPTIONS	/api-bill/user-system/login	http://localhost:3001	undefined
20231127	04:25:13	POST	/api-bill/user-system/login	http://localhost:3001	undefined
20231127	04:25:13	GET	/api-bill/student-system/students?schoolID=655ef53a15026b917a5d7bce	http://localhost:3001	undefined
20231127	04:25:28	GET	/api-bill/student-system/students?schoolID=655ef53a15026b917a5d7bce	http://localhost:3001	undefined
20231127	04:25:59	GET	/api-bill/student-system/students?schoolID=655ef53a15026b917a5d7bce	http://localhost:3001	undefined
20231127	04:26:05	GET	/api-bill/student-system/students?schoolID=655ef53a15026b917a5d7bce	http://localhost:3001	undefined
20231127	04:29:41	OPTIONS	/api-bill/user-system/login	http://localhost:3001	undefined
20231127	04:29:41	POST	/api-bill/user-system/login	http://localhost:3001	undefined
20231127	04:29:42	GET	/api-bill/student-system/students?schoolID=655ef53a15026b917a5d7bce	http://localhost:3001	undefined
20231127	04:29:55	OPTIONS	/api-bill/user-system/login	http://localhost:3001	undefined
20231127	04:29:55	POST	/api-bill/user-system/login	http://localhost:3001	undefined
20231127	04:29:56	GET	/api-bill/student-system/students?schoolID=655ef53a15026b917a5d7bce	http://localhost:3001	undefined
20231127	04:39:08	GET	/api-bill/student-system/students?schoolID=655ef53a15026b917a5d7bce	http://localhost:3001	undefined
20231127	04:39:25	GET	/api-bill/student-system/students?schoolID=655ef53a15026b917a5d7bce	http://localhost:3001	undefined
20231127	04:39:26	GET	/api-bill/student-system/students?schoolID=655ef53a15026b917a5d7bce	http://localhost:3001	undefined
20231127	04:49:15	POST	/api-bill/student-system/student/create-class/655ef53a15026b917a5d7bce	undefined	undefined
20231127	04:49:32	POST	/api-bill/student-system/create-class/655ef53a15026b917a5d7bce	undefined	undefined
20231127	04:49:54	POST	/api-bill/student-system/create-class/655ef53a15026b917a5d7bce	undefined	undefined
20231127	04:49:55	POST	/api-bill/student-system/create-class/655ef53a15026b917a5d7bce	undefined	undefined
20231127	04:49:56	POST	/api-bill/student-system/create-class/655ef53a15026b917a5d7bce	undefined	undefined
20231127	04:50:44	POST	/api-bill/student-system/create-class/655ef53a15026b917a5d7bce	undefined	undefined
20231127	04:58:10	POST	/api-bill/student-system/create-class/655ef53a15026b917a5d7bce	undefined	undefined
20231127	04:58:13	POST	/api-bill/student-system/create-class/655ef53a15026b917a5d7bce	undefined	undefined
20231127	04:58:14	POST	/api-bill/student-system/create-class/655ef53a15026b917a5d7bce	undefined	undefined
20231127	04:58:15	POST	/api-bill/student-system/create-class/655ef53a15026b917a5d7bce	undefined	undefined
20231127	04:58:37	POST	/api-bill/student-system/create-class/655ef53a15026b917a5d7bce	undefined	undefined
20231127	04:59:02	POST	/api-bill/student-system/create-class/655ef53a15026b917a5d7bce	undefined	undefined
20231127	04:59:47	POST	/api-bill/student-system/create-class/655ef53a15026b917a5d7bce	undefined	undefined
20231127	04:59:50	POST	/api-bill/student-system/create-class/655ef53a15026b917a5d7bce	undefined	undefined
20231127	05:00:17	POST	/api-bill/student-system/create-class/655ef53a15026b917a5d7bce	undefined	undefined
20231127	05:06:43	POST	/api-bill/student-system/create-class/655ef53a15026b917a5d7bce	undefined	undefined
20231127	05:08:25	GET	/api-bill/student-system/students?schoolID=655ef53a15026b917a5d7bce	http://localhost:3001	undefined
20240424	17:54:56	OPTIONS	/api-bill/user-system/login	http://localhost:3001	undefined
20240424	17:54:56	POST	/api-bill/user-system/login	http://localhost:3001	undefined
20240424	17:54:56	GET	/api-bill/student-system/students?schoolID=655ef53a15026b917a5d7bce	http://localhost:3001	undefined
20240424	17:55:09	GET	/api-bill/student-system/students?schoolID=655ef53a15026b917a5d7bce	http://localhost:3001	undefined
20240424	17:55:14	GET	/api-bill/student-system/students?schoolID=655ef53a15026b917a5d7bce	http://localhost:3001	undefined
20240424	17:56:26	GET	/api-bill/student-system/students?schoolID=655ef53a15026b917a5d7bce	http://localhost:3001	undefined
20240424	17:56:27	GET	/api-bill/student-system/students?schoolID=655ef53a15026b917a5d7bce	http://localhost:3001	undefined
20240424	17:57:39	GET	/api-bill/student-system/students?schoolID=655ef53a15026b917a5d7bce	http://localhost:3001	undefined
20240424	17:57:53	GET	/api-bill/student-system/students?schoolID=655ef53a15026b917a5d7bce	http://localhost:3001	undefined
